[2m15:27:32[22m [31m[1m[vite][22m[39m [31mInternal server error: Failed to resolve import "dompurify" from "src/components/MarkdownMessage.vue". Does the file exist?[39m
  Plugin: [35mvite:import-analysis[39m
  File: [36mE:/SourceCode/git/ChatAPI/frontend/src/components/MarkdownMessage.vue[39m:2:22
[33m  1  |  import { defineComponent as _defineComponent } from "vue";
  2  |  import DOMPurify from "dompurify";
     |                         ^
  3  |  import MarkdownIt from "markdown-it";
  4  |  import { computed } from "vue";[39m
      at TransformPluginContext._formatLog (file:///E:/SourceCode/git/ChatAPI/frontend/node_modules/vite/dist/node/chunks/config.js:29079:43)
      at TransformPluginContext.error (file:///E:/SourceCode/git/ChatAPI/frontend/node_modules/vite/dist/node/chunks/config.js:29076:14)
      at normalizeUrl (file:///E:/SourceCode/git/ChatAPI/frontend/node_modules/vite/dist/node/chunks/config.js:27199:18)
      at process.processTicksAndRejections (node:internal/process/task_queues:95:5)
      at async file:///E:/SourceCode/git/ChatAPI/frontend/node_modules/vite/dist/node/chunks/config.js:27257:32
      at async Promise.all (index 1)
      at async TransformPluginContext.transform (file:///E:/SourceCode/git/ChatAPI/frontend/node_modules/vite/dist/node/chunks/config.js:27225:4)
      at async EnvironmentPluginContainer.transform (file:///E:/SourceCode/git/ChatAPI/frontend/node_modules/vite/dist/node/chunks/config.js:28877:14)
      at async loadAndTransform (file:///E:/SourceCode/git/ChatAPI/frontend/node_modules/vite/dist/node/chunks/config.js:22746:26)
[2m15:27:32[22m [31m[1m[vite][22m[39m [31m[2m(client)[22m[39m Pre-transform error: Failed to resolve import "dompurify" from "src/components/MarkdownMessage.vue". Does the file exist?
  Plugin: [35mvite:import-analysis[39m
  File: [36mE:/SourceCode/git/ChatAPI/frontend/src/components/MarkdownMessage.vue[39m:2:22
[33m  1  |  import { defineComponent as _defineComponent } from "vue";
  2  |  import DOMPurify from "dompurify";
     |                         ^
  3  |  import MarkdownIt from "markdown-it";
  4  |  import { computed } from "vue";[39m
[2m15:27:34[22m [31m[1m[vite][22m[39m [31mInternal server error: Failed to resolve import "dompurify" from "src/components/MarkdownMessage.vue". Does the file exist?[39m
  Plugin: [35mvite:import-analysis[39m
  File: [36mE:/SourceCode/git/ChatAPI/frontend/src/components/MarkdownMessage.vue[39m:2:22
[33m  1  |  import { defineComponent as _defineComponent } from "vue";
  2  |  import DOMPurify from "dompurify";
     |                         ^
  3  |  import MarkdownIt from "markdown-it";
  4  |  import { computed } from "vue";[39m
      at TransformPluginContext._formatLog (file:///E:/SourceCode/git/ChatAPI/frontend/node_modules/vite/dist/node/chunks/config.js:29079:43)
      at TransformPluginContext.error (file:///E:/SourceCode/git/ChatAPI/frontend/node_modules/vite/dist/node/chunks/config.js:29076:14)
      at normalizeUrl (file:///E:/SourceCode/git/ChatAPI/frontend/node_modules/vite/dist/node/chunks/config.js:27199:18)
      at process.processTicksAndRejections (node:internal/process/task_queues:95:5)
      at async file:///E:/SourceCode/git/ChatAPI/frontend/node_modules/vite/dist/node/chunks/config.js:27257:32
      at async Promise.all (index 1)
      at async TransformPluginContext.transform (file:///E:/SourceCode/git/ChatAPI/frontend/node_modules/vite/dist/node/chunks/config.js:27225:4)
      at async EnvironmentPluginContainer.transform (file:///E:/SourceCode/git/ChatAPI/frontend/node_modules/vite/dist/node/chunks/config.js:28877:14)
      at async loadAndTransform (file:///E:/SourceCode/git/ChatAPI/frontend/node_modules/vite/dist/node/chunks/config.js:22746:26)
      at async viteTransformMiddleware (file:///E:/SourceCode/git/ChatAPI/frontend/node_modules/vite/dist/node/chunks/config.js:24622:20)
[2m15:27:35[22m [31m[1m[vite][22m[39m [31mInternal server error: Failed to resolve import "dompurify" from "src/components/MarkdownMessage.vue". Does the file exist?[39m
  Plugin: [35mvite:import-analysis[39m
  File: [36mE:/SourceCode/git/ChatAPI/frontend/src/components/MarkdownMessage.vue[39m:2:22
[33m  1  |  import { defineComponent as _defineComponent } from "vue";
  2  |  import DOMPurify from "dompurify";
     |                         ^
  3  |  import MarkdownIt from "markdown-it";
  4  |  import { computed } from "vue";[39m
      at TransformPluginContext._formatLog (file:///E:/SourceCode/git/ChatAPI/frontend/node_modules/vite/dist/node/chunks/config.js:29079:43)
      at TransformPluginContext.error (file:///E:/SourceCode/git/ChatAPI/frontend/node_modules/vite/dist/node/chunks/config.js:29076:14)
      at normalizeUrl (file:///E:/SourceCode/git/ChatAPI/frontend/node_modules/vite/dist/node/chunks/config.js:27199:18)
      at process.processTicksAndRejections (node:internal/process/task_queues:95:5)
      at async file:///E:/SourceCode/git/ChatAPI/frontend/node_modules/vite/dist/node/chunks/config.js:27257:32
      at async Promise.all (index 1)
      at async TransformPluginContext.transform (file:///E:/SourceCode/git/ChatAPI/frontend/node_modules/vite/dist/node/chunks/config.js:27225:4)
      at async EnvironmentPluginContainer.transform (file:///E:/SourceCode/git/ChatAPI/frontend/node_modules/vite/dist/node/chunks/config.js:28877:14)
      at async loadAndTransform (file:///E:/SourceCode/git/ChatAPI/frontend/node_modules/vite/dist/node/chunks/config.js:22746:26)
      at async viteTransformMiddleware (file:///E:/SourceCode/git/ChatAPI/frontend/node_modules/vite/dist/node/chunks/config.js:24622:20)
[2m15:27:36[22m [31m[1m[vite][22m[39m [31mInternal server error: Failed to resolve import "dompurify" from "src/components/MarkdownMessage.vue". Does the file exist?[39m
  Plugin: [35mvite:import-analysis[39m
  File: [36mE:/SourceCode/git/ChatAPI/frontend/src/components/MarkdownMessage.vue[39m:2:22
[33m  1  |  import { defineComponent as _defineComponent } from "vue";
  2  |  import DOMPurify from "dompurify";
     |                         ^
  3  |  import MarkdownIt from "markdown-it";
  4  |  import { computed } from "vue";[39m
      at TransformPluginContext._formatLog (file:///E:/SourceCode/git/ChatAPI/frontend/node_modules/vite/dist/node/chunks/config.js:29079:43)
      at TransformPluginContext.error (file:///E:/SourceCode/git/ChatAPI/frontend/node_modules/vite/dist/node/chunks/config.js:29076:14)
      at normalizeUrl (file:///E:/SourceCode/git/ChatAPI/frontend/node_modules/vite/dist/node/chunks/config.js:27199:18)
      at process.processTicksAndRejections (node:internal/process/task_queues:95:5)
      at async file:///E:/SourceCode/git/ChatAPI/frontend/node_modules/vite/dist/node/chunks/config.js:27257:32
      at async Promise.all (index 1)
      at async TransformPluginContext.transform (file:///E:/SourceCode/git/ChatAPI/frontend/node_modules/vite/dist/node/chunks/config.js:27225:4)
      at async EnvironmentPluginContainer.transform (file:///E:/SourceCode/git/ChatAPI/frontend/node_modules/vite/dist/node/chunks/config.js:28877:14)
      at async loadAndTransform (file:///E:/SourceCode/git/ChatAPI/frontend/node_modules/vite/dist/node/chunks/config.js:22746:26)
      at async viteTransformMiddleware (file:///E:/SourceCode/git/ChatAPI/frontend/node_modules/vite/dist/node/chunks/config.js:24622:20)
[2m15:27:36[22m [31m[1m[vite][22m[39m [31mInternal server error: Failed to resolve import "dompurify" from "src/components/MarkdownMessage.vue". Does the file exist?[39m
  Plugin: [35mvite:import-analysis[39m
  File: [36mE:/SourceCode/git/ChatAPI/frontend/src/components/MarkdownMessage.vue[39m:2:22
[33m  1  |  import { defineComponent as _defineComponent } from "vue";
  2  |  import DOMPurify from "dompurify";
     |                         ^
  3  |  import MarkdownIt from "markdown-it";
  4  |  import { computed } from "vue";[39m
      at TransformPluginContext._formatLog (file:///E:/SourceCode/git/ChatAPI/frontend/node_modules/vite/dist/node/chunks/config.js:29079:43)
      at TransformPluginContext.error (file:///E:/SourceCode/git/ChatAPI/frontend/node_modules/vite/dist/node/chunks/config.js:29076:14)
      at normalizeUrl (file:///E:/SourceCode/git/ChatAPI/frontend/node_modules/vite/dist/node/chunks/config.js:27199:18)
      at process.processTicksAndRejections (node:internal/process/task_queues:95:5)
      at async file:///E:/SourceCode/git/ChatAPI/frontend/node_modules/vite/dist/node/chunks/config.js:27257:32
      at async Promise.all (index 1)
      at async TransformPluginContext.transform (file:///E:/SourceCode/git/ChatAPI/frontend/node_modules/vite/dist/node/chunks/config.js:27225:4)
      at async EnvironmentPluginContainer.transform (file:///E:/SourceCode/git/ChatAPI/frontend/node_modules/vite/dist/node/chunks/config.js:28877:14)
      at async loadAndTransform (file:///E:/SourceCode/git/ChatAPI/frontend/node_modules/vite/dist/node/chunks/config.js:22746:26)
      at async viteTransformMiddleware (file:///E:/SourceCode/git/ChatAPI/frontend/node_modules/vite/dist/node/chunks/config.js:24622:20)
[2m15:27:37[22m [31m[1m[vite][22m[39m [31mInternal server error: Failed to resolve import "dompurify" from "src/components/MarkdownMessage.vue". Does the file exist?[39m
  Plugin: [35mvite:import-analysis[39m
  File: [36mE:/SourceCode/git/ChatAPI/frontend/src/components/MarkdownMessage.vue[39m:2:22
[33m  1  |  import { defineComponent as _defineComponent } from "vue";
  2  |  import DOMPurify from "dompurify";
     |                         ^
  3  |  import MarkdownIt from "markdown-it";
  4  |  import { computed } from "vue";[39m
      at TransformPluginContext._formatLog (file:///E:/SourceCode/git/ChatAPI/frontend/node_modules/vite/dist/node/chunks/config.js:29079:43)
      at TransformPluginContext.error (file:///E:/SourceCode/git/ChatAPI/frontend/node_modules/vite/dist/node/chunks/config.js:29076:14)
      at normalizeUrl (file:///E:/SourceCode/git/ChatAPI/frontend/node_modules/vite/dist/node/chunks/config.js:27199:18)
      at process.processTicksAndRejections (node:internal/process/task_queues:95:5)
      at async file:///E:/SourceCode/git/ChatAPI/frontend/node_modules/vite/dist/node/chunks/config.js:27257:32
      at async Promise.all (index 1)
      at async TransformPluginContext.transform (file:///E:/SourceCode/git/ChatAPI/frontend/node_modules/vite/dist/node/chunks/config.js:27225:4)
      at async EnvironmentPluginContainer.transform (file:///E:/SourceCode/git/ChatAPI/frontend/node_modules/vite/dist/node/chunks/config.js:28877:14)
      at async loadAndTransform (file:///E:/SourceCode/git/ChatAPI/frontend/node_modules/vite/dist/node/chunks/config.js:22746:26)
      at async viteTransformMiddleware (file:///E:/SourceCode/git/ChatAPI/frontend/node_modules/vite/dist/node/chunks/config.js:24622:20)
[2m15:42:15[22m [31m[1m[vite][22m[39m [31mhttp proxy error: /api/admin/providers[39m
Error: connect ECONNREFUSED 127.0.0.1:8000
    at TCPConnectWrap.afterConnect [as oncomplete] (node:net:1611:16)
[2m15:42:15[22m [31m[1m[vite][22m[39m [31mhttp proxy error: /api/admin/sources[39m
Error: connect ECONNREFUSED 127.0.0.1:8000
    at TCPConnectWrap.afterConnect [as oncomplete] (node:net:1611:16)
[2m15:42:15[22m [31m[1m[vite][22m[39m [31mhttp proxy error: /api/admin/tools[39m
Error: connect ECONNREFUSED 127.0.0.1:8000
    at TCPConnectWrap.afterConnect [as oncomplete] (node:net:1611:16)
[2m15:42:15[22m [31m[1m[vite][22m[39m [31mhttp proxy error: /api/admin/skills[39m
Error: connect ECONNREFUSED 127.0.0.1:8000
    at TCPConnectWrap.afterConnect [as oncomplete] (node:net:1611:16)
[2m15:42:15[22m [31m[1m[vite][22m[39m [31mhttp proxy error: /api/admin/agents[39m
Error: connect ECONNREFUSED 127.0.0.1:8000
    at TCPConnectWrap.afterConnect [as oncomplete] (node:net:1611:16)
